CRITICAL - 2022-01-19 16:23:51 --> syntax error, unexpected '?', expecting end of file
#0 D:\Onedrive\Meus Projetos\food\system\View\View.php(217): CodeIgniter\View\View->CodeIgniter\View\{closure}()
#1 D:\Onedrive\Meus Projetos\food\system\Common.php(1097): CodeIgniter\View\View->render('welcome_message', Array, true)
#2 D:\Onedrive\Meus Projetos\food\app\Controllers\Home.php(9): view('welcome_message')
#3 D:\Onedrive\Meus Projetos\food\system\CodeIgniter.php(824): App\Controllers\Home->index()
#4 D:\Onedrive\Meus Projetos\food\system\CodeIgniter.php(410): CodeIgniter\CodeIgniter->runController(Object(App\Controllers\Home))
#5 D:\Onedrive\Meus Projetos\food\system\CodeIgniter.php(318): CodeIgniter\CodeIgniter->handleRequest(NULL, Object(Config\Cache), false)
#6 D:\Onedrive\Meus Projetos\food\public\index.php(37): CodeIgniter\CodeIgniter->run()
#7 D:\Onedrive\Meus Projetos\food\system\Commands\Server\rewrite.php(43): require_once('D:\\Onedrive\\Meu...')
#8 {main}
CRITICAL - 2022-01-19 16:24:33 --> Undefined variable: var
#0 D:\Onedrive\Meus Projetos\food\app\Views\welcome_message.php(236): CodeIgniter\Debug\Exceptions->errorHandler(8, 'Undefined varia...', 'D:\\Onedrive\\Meu...', 236, Array)
#1 D:\Onedrive\Meus Projetos\food\system\View\View.php(214): include('D:\\Onedrive\\Meu...')
#2 D:\Onedrive\Meus Projetos\food\system\View\View.php(217): CodeIgniter\View\View->CodeIgniter\View\{closure}()
#3 D:\Onedrive\Meus Projetos\food\system\Common.php(1097): CodeIgniter\View\View->render('welcome_message', Array, true)
#4 D:\Onedrive\Meus Projetos\food\app\Controllers\Home.php(9): view('welcome_message')
#5 D:\Onedrive\Meus Projetos\food\system\CodeIgniter.php(824): App\Controllers\Home->index()
#6 D:\Onedrive\Meus Projetos\food\system\CodeIgniter.php(410): CodeIgniter\CodeIgniter->runController(Object(App\Controllers\Home))
#7 D:\Onedrive\Meus Projetos\food\system\CodeIgniter.php(318): CodeIgniter\CodeIgniter->handleRequest(NULL, Object(Config\Cache), false)
#8 D:\Onedrive\Meus Projetos\food\public\index.php(37): CodeIgniter\CodeIgniter->run()
#9 D:\Onedrive\Meus Projetos\food\system\Commands\Server\rewrite.php(43): require_once('D:\\Onedrive\\Meu...')
#10 {main}
CRITICAL - 2022-01-19 16:24:48 --> Undefined variable: variavel
#0 D:\Onedrive\Meus Projetos\food\app\Views\welcome_message.php(236): CodeIgniter\Debug\Exceptions->errorHandler(8, 'Undefined varia...', 'D:\\Onedrive\\Meu...', 236, Array)
#1 D:\Onedrive\Meus Projetos\food\system\View\View.php(214): include('D:\\Onedrive\\Meu...')
#2 D:\Onedrive\Meus Projetos\food\system\View\View.php(217): CodeIgniter\View\View->CodeIgniter\View\{closure}()
#3 D:\Onedrive\Meus Projetos\food\system\Common.php(1097): CodeIgniter\View\View->render('welcome_message', Array, true)
#4 D:\Onedrive\Meus Projetos\food\app\Controllers\Home.php(9): view('welcome_message')
#5 D:\Onedrive\Meus Projetos\food\system\CodeIgniter.php(824): App\Controllers\Home->index()
#6 D:\Onedrive\Meus Projetos\food\system\CodeIgniter.php(410): CodeIgniter\CodeIgniter->runController(Object(App\Controllers\Home))
#7 D:\Onedrive\Meus Projetos\food\system\CodeIgniter.php(318): CodeIgniter\CodeIgniter->handleRequest(NULL, Object(Config\Cache), false)
#8 D:\Onedrive\Meus Projetos\food\public\index.php(37): CodeIgniter\CodeIgniter->run()
#9 D:\Onedrive\Meus Projetos\food\system\Commands\Server\rewrite.php(43): require_once('D:\\Onedrive\\Meu...')
#10 {main}
CRITICAL - 2022-01-19 16:25:07 --> Undefined variable: variavel
#0 D:\Onedrive\Meus Projetos\food\app\Views\welcome_message.php(236): CodeIgniter\Debug\Exceptions->errorHandler(8, 'Undefined varia...', 'D:\\Onedrive\\Meu...', 236, Array)
#1 D:\Onedrive\Meus Projetos\food\system\View\View.php(214): include('D:\\Onedrive\\Meu...')
#2 D:\Onedrive\Meus Projetos\food\system\View\View.php(217): CodeIgniter\View\View->CodeIgniter\View\{closure}()
#3 D:\Onedrive\Meus Projetos\food\system\Common.php(1097): CodeIgniter\View\View->render('welcome_message', Array, true)
#4 D:\Onedrive\Meus Projetos\food\app\Controllers\Home.php(9): view('welcome_message')
#5 D:\Onedrive\Meus Projetos\food\system\CodeIgniter.php(824): App\Controllers\Home->index()
#6 D:\Onedrive\Meus Projetos\food\system\CodeIgniter.php(410): CodeIgniter\CodeIgniter->runController(Object(App\Controllers\Home))
#7 D:\Onedrive\Meus Projetos\food\system\CodeIgniter.php(318): CodeIgniter\CodeIgniter->handleRequest(NULL, Object(Config\Cache), false)
#8 D:\Onedrive\Meus Projetos\food\public\index.php(37): CodeIgniter\CodeIgniter->run()
#9 D:\Onedrive\Meus Projetos\food\system\Commands\Server\rewrite.php(43): require_once('D:\\Onedrive\\Meu...')
#10 {main}
CRITICAL - 2022-01-19 16:25:11 --> Undefined variable: variavel
#0 D:\Onedrive\Meus Projetos\food\app\Views\welcome_message.php(236): CodeIgniter\Debug\Exceptions->errorHandler(8, 'Undefined varia...', 'D:\\Onedrive\\Meu...', 236, Array)
#1 D:\Onedrive\Meus Projetos\food\system\View\View.php(214): include('D:\\Onedrive\\Meu...')
#2 D:\Onedrive\Meus Projetos\food\system\View\View.php(217): CodeIgniter\View\View->CodeIgniter\View\{closure}()
#3 D:\Onedrive\Meus Projetos\food\system\Common.php(1097): CodeIgniter\View\View->render('welcome_message', Array, true)
#4 D:\Onedrive\Meus Projetos\food\app\Controllers\Home.php(9): view('welcome_message')
#5 D:\Onedrive\Meus Projetos\food\system\CodeIgniter.php(824): App\Controllers\Home->index()
#6 D:\Onedrive\Meus Projetos\food\system\CodeIgniter.php(410): CodeIgniter\CodeIgniter->runController(Object(App\Controllers\Home))
#7 D:\Onedrive\Meus Projetos\food\system\CodeIgniter.php(318): CodeIgniter\CodeIgniter->handleRequest(NULL, Object(Config\Cache), false)
#8 D:\Onedrive\Meus Projetos\food\public\index.php(37): CodeIgniter\CodeIgniter->run()
#9 D:\Onedrive\Meus Projetos\food\system\Commands\Server\rewrite.php(43): require_once('D:\\Onedrive\\Meu...')
#10 {main}
CRITICAL - 2022-01-19 16:25:12 --> Undefined variable: variavel
#0 D:\Onedrive\Meus Projetos\food\app\Views\welcome_message.php(236): CodeIgniter\Debug\Exceptions->errorHandler(8, 'Undefined varia...', 'D:\\Onedrive\\Meu...', 236, Array)
#1 D:\Onedrive\Meus Projetos\food\system\View\View.php(214): include('D:\\Onedrive\\Meu...')
#2 D:\Onedrive\Meus Projetos\food\system\View\View.php(217): CodeIgniter\View\View->CodeIgniter\View\{closure}()
#3 D:\Onedrive\Meus Projetos\food\system\Common.php(1097): CodeIgniter\View\View->render('welcome_message', Array, true)
#4 D:\Onedrive\Meus Projetos\food\app\Controllers\Home.php(9): view('welcome_message')
#5 D:\Onedrive\Meus Projetos\food\system\CodeIgniter.php(824): App\Controllers\Home->index()
#6 D:\Onedrive\Meus Projetos\food\system\CodeIgniter.php(410): CodeIgniter\CodeIgniter->runController(Object(App\Controllers\Home))
#7 D:\Onedrive\Meus Projetos\food\system\CodeIgniter.php(318): CodeIgniter\CodeIgniter->handleRequest(NULL, Object(Config\Cache), false)
#8 D:\Onedrive\Meus Projetos\food\public\index.php(37): CodeIgniter\CodeIgniter->run()
#9 D:\Onedrive\Meus Projetos\food\system\Commands\Server\rewrite.php(43): require_once('D:\\Onedrive\\Meu...')
#10 {main}
CRITICAL - 2022-01-19 16:25:13 --> Undefined variable: variavel
#0 D:\Onedrive\Meus Projetos\food\app\Views\welcome_message.php(236): CodeIgniter\Debug\Exceptions->errorHandler(8, 'Undefined varia...', 'D:\\Onedrive\\Meu...', 236, Array)
#1 D:\Onedrive\Meus Projetos\food\system\View\View.php(214): include('D:\\Onedrive\\Meu...')
#2 D:\Onedrive\Meus Projetos\food\system\View\View.php(217): CodeIgniter\View\View->CodeIgniter\View\{closure}()
#3 D:\Onedrive\Meus Projetos\food\system\Common.php(1097): CodeIgniter\View\View->render('welcome_message', Array, true)
#4 D:\Onedrive\Meus Projetos\food\app\Controllers\Home.php(9): view('welcome_message')
#5 D:\Onedrive\Meus Projetos\food\system\CodeIgniter.php(824): App\Controllers\Home->index()
#6 D:\Onedrive\Meus Projetos\food\system\CodeIgniter.php(410): CodeIgniter\CodeIgniter->runController(Object(App\Controllers\Home))
#7 D:\Onedrive\Meus Projetos\food\system\CodeIgniter.php(318): CodeIgniter\CodeIgniter->handleRequest(NULL, Object(Config\Cache), false)
#8 D:\Onedrive\Meus Projetos\food\public\index.php(37): CodeIgniter\CodeIgniter->run()
#9 D:\Onedrive\Meus Projetos\food\system\Commands\Server\rewrite.php(43): require_once('D:\\Onedrive\\Meu...')
#10 {main}
CRITICAL - 2022-01-19 16:25:13 --> Undefined variable: variavel
#0 D:\Onedrive\Meus Projetos\food\app\Views\welcome_message.php(236): CodeIgniter\Debug\Exceptions->errorHandler(8, 'Undefined varia...', 'D:\\Onedrive\\Meu...', 236, Array)
#1 D:\Onedrive\Meus Projetos\food\system\View\View.php(214): include('D:\\Onedrive\\Meu...')
#2 D:\Onedrive\Meus Projetos\food\system\View\View.php(217): CodeIgniter\View\View->CodeIgniter\View\{closure}()
#3 D:\Onedrive\Meus Projetos\food\system\Common.php(1097): CodeIgniter\View\View->render('welcome_message', Array, true)
#4 D:\Onedrive\Meus Projetos\food\app\Controllers\Home.php(9): view('welcome_message')
#5 D:\Onedrive\Meus Projetos\food\system\CodeIgniter.php(824): App\Controllers\Home->index()
#6 D:\Onedrive\Meus Projetos\food\system\CodeIgniter.php(410): CodeIgniter\CodeIgniter->runController(Object(App\Controllers\Home))
#7 D:\Onedrive\Meus Projetos\food\system\CodeIgniter.php(318): CodeIgniter\CodeIgniter->handleRequest(NULL, Object(Config\Cache), false)
#8 D:\Onedrive\Meus Projetos\food\public\index.php(37): CodeIgniter\CodeIgniter->run()
#9 D:\Onedrive\Meus Projetos\food\system\Commands\Server\rewrite.php(43): require_once('D:\\Onedrive\\Meu...')
#10 {main}
CRITICAL - 2022-01-19 16:25:13 --> Undefined variable: variavel
#0 D:\Onedrive\Meus Projetos\food\app\Views\welcome_message.php(236): CodeIgniter\Debug\Exceptions->errorHandler(8, 'Undefined varia...', 'D:\\Onedrive\\Meu...', 236, Array)
#1 D:\Onedrive\Meus Projetos\food\system\View\View.php(214): include('D:\\Onedrive\\Meu...')
#2 D:\Onedrive\Meus Projetos\food\system\View\View.php(217): CodeIgniter\View\View->CodeIgniter\View\{closure}()
#3 D:\Onedrive\Meus Projetos\food\system\Common.php(1097): CodeIgniter\View\View->render('welcome_message', Array, true)
#4 D:\Onedrive\Meus Projetos\food\app\Controllers\Home.php(9): view('welcome_message')
#5 D:\Onedrive\Meus Projetos\food\system\CodeIgniter.php(824): App\Controllers\Home->index()
#6 D:\Onedrive\Meus Projetos\food\system\CodeIgniter.php(410): CodeIgniter\CodeIgniter->runController(Object(App\Controllers\Home))
#7 D:\Onedrive\Meus Projetos\food\system\CodeIgniter.php(318): CodeIgniter\CodeIgniter->handleRequest(NULL, Object(Config\Cache), false)
#8 D:\Onedrive\Meus Projetos\food\public\index.php(37): CodeIgniter\CodeIgniter->run()
#9 D:\Onedrive\Meus Projetos\food\system\Commands\Server\rewrite.php(43): require_once('D:\\Onedrive\\Meu...')
#10 {main}
CRITICAL - 2022-01-19 16:25:13 --> Undefined variable: variavel
#0 D:\Onedrive\Meus Projetos\food\app\Views\welcome_message.php(236): CodeIgniter\Debug\Exceptions->errorHandler(8, 'Undefined varia...', 'D:\\Onedrive\\Meu...', 236, Array)
#1 D:\Onedrive\Meus Projetos\food\system\View\View.php(214): include('D:\\Onedrive\\Meu...')
#2 D:\Onedrive\Meus Projetos\food\system\View\View.php(217): CodeIgniter\View\View->CodeIgniter\View\{closure}()
#3 D:\Onedrive\Meus Projetos\food\system\Common.php(1097): CodeIgniter\View\View->render('welcome_message', Array, true)
#4 D:\Onedrive\Meus Projetos\food\app\Controllers\Home.php(9): view('welcome_message')
#5 D:\Onedrive\Meus Projetos\food\system\CodeIgniter.php(824): App\Controllers\Home->index()
#6 D:\Onedrive\Meus Projetos\food\system\CodeIgniter.php(410): CodeIgniter\CodeIgniter->runController(Object(App\Controllers\Home))
#7 D:\Onedrive\Meus Projetos\food\system\CodeIgniter.php(318): CodeIgniter\CodeIgniter->handleRequest(NULL, Object(Config\Cache), false)
#8 D:\Onedrive\Meus Projetos\food\public\index.php(37): CodeIgniter\CodeIgniter->run()
#9 D:\Onedrive\Meus Projetos\food\system\Commands\Server\rewrite.php(43): require_once('D:\\Onedrive\\Meu...')
#10 {main}
CRITICAL - 2022-01-19 16:25:13 --> Undefined variable: variavel
#0 D:\Onedrive\Meus Projetos\food\app\Views\welcome_message.php(236): CodeIgniter\Debug\Exceptions->errorHandler(8, 'Undefined varia...', 'D:\\Onedrive\\Meu...', 236, Array)
#1 D:\Onedrive\Meus Projetos\food\system\View\View.php(214): include('D:\\Onedrive\\Meu...')
#2 D:\Onedrive\Meus Projetos\food\system\View\View.php(217): CodeIgniter\View\View->CodeIgniter\View\{closure}()
#3 D:\Onedrive\Meus Projetos\food\system\Common.php(1097): CodeIgniter\View\View->render('welcome_message', Array, true)
#4 D:\Onedrive\Meus Projetos\food\app\Controllers\Home.php(9): view('welcome_message')
#5 D:\Onedrive\Meus Projetos\food\system\CodeIgniter.php(824): App\Controllers\Home->index()
#6 D:\Onedrive\Meus Projetos\food\system\CodeIgniter.php(410): CodeIgniter\CodeIgniter->runController(Object(App\Controllers\Home))
#7 D:\Onedrive\Meus Projetos\food\system\CodeIgniter.php(318): CodeIgniter\CodeIgniter->handleRequest(NULL, Object(Config\Cache), false)
#8 D:\Onedrive\Meus Projetos\food\public\index.php(37): CodeIgniter\CodeIgniter->run()
#9 D:\Onedrive\Meus Projetos\food\system\Commands\Server\rewrite.php(43): require_once('D:\\Onedrive\\Meu...')
#10 {main}
